[debug] [2025-06-15T19:16:20.604Z] ----------------------------------------------------------------------
[debug] [2025-06-15T19:16:20.606Z] Command:       /usr/local/share/nvm/versions/node/v20.19.0/bin/node /home/codespace/nvm/current/bin/firebase init
[debug] [2025-06-15T19:16:20.606Z] CLI Version:   14.7.0
[debug] [2025-06-15T19:16:20.606Z] Platform:      linux
[debug] [2025-06-15T19:16:20.607Z] Node Version:  v20.19.0
[debug] [2025-06-15T19:16:20.607Z] Time:          Sun Jun 15 2025 19:16:20 GMT+0000 (Coordinated Universal Time)
[debug] [2025-06-15T19:16:20.607Z] Env Overrides: GITHUB_API_URL, GITHUB_API_URL
[debug] [2025-06-15T19:16:20.607Z] ----------------------------------------------------------------------
[debug] 
[debug] [2025-06-15T19:16:20.611Z] > command requires scopes: ["email","openid","https://www.googleapis.com/auth/cloudplatformprojects.readonly","https://www.googleapis.com/auth/firebase","https://www.googleapis.com/auth/cloud-platform"]
[debug] [2025-06-15T19:16:20.611Z] > authorizing via signed-in user (cassiano.becker@institutoivoti.com.br)
[info] 
     ######## #### ########  ######## ########     ###     ######  ########
     ##        ##  ##     ## ##       ##     ##  ##   ##  ##       ##
     ######    ##  ########  ######   ########  #########  ######  ######
     ##        ##  ##    ##  ##       ##     ## ##     ##       ## ##
     ##       #### ##     ## ######## ########  ##     ##  ######  ########

You're about to initialize a Firebase project in this directory:

  /workspaces/aulas

Before we get started, keep in mind:

  * You are currently outside your home directory

[info] 
=== Project Setup
[info] 
[info] First, let's associate this project directory with a Firebase project.
[info] You can create multiple project aliases by running firebase use --add, 
[info] but for now we'll just set up a default project.
[info] 
[debug] [2025-06-15T19:16:33.857Z] Checked if tokens are valid: true, expires at: 1750017657556
[debug] [2025-06-15T19:16:33.857Z] Checked if tokens are valid: true, expires at: 1750017657556
[debug] [2025-06-15T19:16:33.859Z] >>> [apiv2][query] GET https://firebase.googleapis.com/v1beta1/projects pageSize=100
[debug] [2025-06-15T19:16:34.252Z] <<< [apiv2][status] GET https://firebase.googleapis.com/v1beta1/projects 200
[debug] [2025-06-15T19:16:34.252Z] <<< [apiv2][body] GET https://firebase.googleapis.com/v1beta1/projects [omitted]
[info] i  Using project devnotes-b2b9a (DevNotes) 
[info] 
=== Dataconnect Setup
[debug] [2025-06-15T19:16:35.168Z] Checked if tokens are valid: true, expires at: 1750017657556
[debug] [2025-06-15T19:16:35.168Z] Checked if tokens are valid: true, expires at: 1750017657556
[debug] [2025-06-15T19:16:35.168Z] >>> [apiv2][query] GET https://cloudbilling.googleapis.com/v1/projects/devnotes-b2b9a/billingInfo [none]
[debug] [2025-06-15T19:16:35.310Z] <<< [apiv2][status] GET https://cloudbilling.googleapis.com/v1/projects/devnotes-b2b9a/billingInfo 200
[debug] [2025-06-15T19:16:35.310Z] <<< [apiv2][body] GET https://cloudbilling.googleapis.com/v1/projects/devnotes-b2b9a/billingInfo {"name":"projects/devnotes-b2b9a/billingInfo","projectId":"devnotes-b2b9a","billingAccountName":"","billingEnabled":false}
[info] i  dataconnect: ensuring required API sqladmin.googleapis.com is enabled... 
[debug] [2025-06-15T19:16:35.310Z] Checked if tokens are valid: true, expires at: 1750017657556
[debug] [2025-06-15T19:16:35.311Z] Checked if tokens are valid: true, expires at: 1750017657556
[debug] [2025-06-15T19:16:35.311Z] >>> [apiv2][query] GET https://serviceusage.googleapis.com/v1/projects/devnotes-b2b9a/services/sqladmin.googleapis.com [none]
[debug] [2025-06-15T19:16:35.311Z] >>> [apiv2][(partial)header] GET https://serviceusage.googleapis.com/v1/projects/devnotes-b2b9a/services/sqladmin.googleapis.com x-goog-quota-user=projects/devnotes-b2b9a
[debug] [2025-06-15T19:16:35.616Z] <<< [apiv2][status] GET https://serviceusage.googleapis.com/v1/projects/devnotes-b2b9a/services/sqladmin.googleapis.com 200
[debug] [2025-06-15T19:16:35.616Z] <<< [apiv2][body] GET https://serviceusage.googleapis.com/v1/projects/devnotes-b2b9a/services/sqladmin.googleapis.com [omitted]
[info] ✔  dataconnect: required API sqladmin.googleapis.com is enabled 
[debug] [2025-06-15T19:16:35.617Z] Checked if tokens are valid: true, expires at: 1750017657556
[debug] [2025-06-15T19:16:35.617Z] Checked if tokens are valid: true, expires at: 1750017657556
[debug] [2025-06-15T19:16:35.617Z] >>> [apiv2][query] GET https://firebasedataconnect.googleapis.com/v1/projects/devnotes-b2b9a/locations/-/services [none]
[debug] [2025-06-15T19:16:36.173Z] <<< [apiv2][status] GET https://firebasedataconnect.googleapis.com/v1/projects/devnotes-b2b9a/locations/-/services 200
[debug] [2025-06-15T19:16:36.173Z] <<< [apiv2][body] GET https://firebasedataconnect.googleapis.com/v1/projects/devnotes-b2b9a/locations/-/services {}
[info] ✔  Wrote dataconnect/dataconnect.yaml 
[info] ✔  Wrote dataconnect/schema/schema.gql 
[info] ✔  Wrote dataconnect/connector/connector.yaml 
[info] ✔  Wrote dataconnect/connector/queries.gql 
[info] ✔  Wrote dataconnect/connector/mutations.gql 
[info] i  If you'd like to add the generated SDK to your app later, run firebase init dataconnect:sdk 
[info] i  If you'd like to provision a CloudSQL Postgres instance on the Firebase Data Connect no-cost trial:
1. Please upgrade to the pay-as-you-go (Blaze) billing plan. Visit the following page:
     https://console.firebase.google.com/project/devnotes-b2b9a/usage/details
2. Run firebase init dataconnect again to configure the Cloud SQL instance.
3. Run firebase deploy --only dataconnect to deploy your Data Connect service. 
[info] 
=== Firestore Setup
[info] i  firestore: ensuring required API firestore.googleapis.com is enabled... 
[debug] [2025-06-15T19:16:36.178Z] Checked if tokens are valid: true, expires at: 1750017657556
[debug] [2025-06-15T19:16:36.178Z] Checked if tokens are valid: true, expires at: 1750017657556
[debug] [2025-06-15T19:16:36.178Z] >>> [apiv2][query] GET https://serviceusage.googleapis.com/v1/projects/devnotes-b2b9a/services/firestore.googleapis.com [none]
[debug] [2025-06-15T19:16:36.178Z] >>> [apiv2][(partial)header] GET https://serviceusage.googleapis.com/v1/projects/devnotes-b2b9a/services/firestore.googleapis.com x-goog-quota-user=projects/devnotes-b2b9a
[debug] [2025-06-15T19:16:36.476Z] <<< [apiv2][status] GET https://serviceusage.googleapis.com/v1/projects/devnotes-b2b9a/services/firestore.googleapis.com 200
[debug] [2025-06-15T19:16:36.476Z] <<< [apiv2][body] GET https://serviceusage.googleapis.com/v1/projects/devnotes-b2b9a/services/firestore.googleapis.com [omitted]
[info] ✔  firestore: required API firestore.googleapis.com is enabled 
[debug] [2025-06-15T19:16:36.477Z] Checked if tokens are valid: true, expires at: 1750017657556
[debug] [2025-06-15T19:16:36.477Z] Checked if tokens are valid: true, expires at: 1750017657556
[debug] [2025-06-15T19:16:36.477Z] >>> [apiv2][query] GET https://firestore.googleapis.com/v1/projects/devnotes-b2b9a/databases [none]
[debug] [2025-06-15T19:16:37.015Z] <<< [apiv2][status] GET https://firestore.googleapis.com/v1/projects/devnotes-b2b9a/databases 200
[debug] [2025-06-15T19:16:37.016Z] <<< [apiv2][body] GET https://firestore.googleapis.com/v1/projects/devnotes-b2b9a/databases {"databases":[{"name":"projects/devnotes-b2b9a/databases/(default)","uid":"6f7f2219-2cbd-4bf3-9f1e-26d48670f900","createTime":"2025-06-15T12:20:33.855894Z","updateTime":"2025-06-15T12:20:33.855894Z","locationId":"southamerica-east1","type":"FIRESTORE_NATIVE","concurrencyMode":"PESSIMISTIC","versionRetentionPeriod":"3600s","earliestVersionTime":"2025-06-15T18:16:37.143143Z","appEngineIntegrationMode":"DISABLED","keyPrefix":"i","pointInTimeRecoveryEnablement":"POINT_IN_TIME_RECOVERY_DISABLED","deleteProtectionState":"DELETE_PROTECTION_DISABLED","databaseEdition":"STANDARD","freeTier":true,"etag":"IPvh+fGR9I0DMJGT48u3840D"}]}
[info] 
[info] Firestore Security Rules allow you to define how and when to allow
[info] requests. You can keep these rules in your project directory
[info] and publish them with firebase deploy.
[info] 
[debug] [2025-06-15T19:18:19.874Z] Checked if tokens are valid: true, expires at: 1750017657556
[debug] [2025-06-15T19:18:19.874Z] Checked if tokens are valid: true, expires at: 1750017657556
[debug] [2025-06-15T19:18:19.874Z] >>> [apiv2][query] GET https://firebaserules.googleapis.com/v1/projects/devnotes-b2b9a/releases pageSize=10&pageToken=
[debug] [2025-06-15T19:18:20.024Z] <<< [apiv2][status] GET https://firebaserules.googleapis.com/v1/projects/devnotes-b2b9a/releases 200
[debug] [2025-06-15T19:18:20.025Z] <<< [apiv2][body] GET https://firebaserules.googleapis.com/v1/projects/devnotes-b2b9a/releases {"releases":[{"name":"projects/devnotes-b2b9a/releases/cloud.firestore","rulesetName":"projects/devnotes-b2b9a/rulesets/5137f981-8556-464e-a3e4-58e5996748e6","createTime":"2025-06-15T12:20:39.466537Z","updateTime":"2025-06-15T12:20:39.466537Z"}]}
[debug] [2025-06-15T19:18:20.025Z] Checked if tokens are valid: true, expires at: 1750017657556
[debug] [2025-06-15T19:18:20.025Z] Checked if tokens are valid: true, expires at: 1750017657556
[debug] [2025-06-15T19:18:20.025Z] >>> [apiv2][query] GET https://firebaserules.googleapis.com/v1/projects/devnotes-b2b9a/rulesets/5137f981-8556-464e-a3e4-58e5996748e6 [none]
[debug] [2025-06-15T19:18:20.182Z] <<< [apiv2][status] GET https://firebaserules.googleapis.com/v1/projects/devnotes-b2b9a/rulesets/5137f981-8556-464e-a3e4-58e5996748e6 200
[debug] [2025-06-15T19:18:20.182Z] <<< [apiv2][body] GET https://firebaserules.googleapis.com/v1/projects/devnotes-b2b9a/rulesets/5137f981-8556-464e-a3e4-58e5996748e6 [omitted]
[info] i  Downloaded the existing Firestore Security Rules from the Firebase console 
[info] 
[info] Firestore indexes allow you to perform complex queries while
[info] maintaining performance that scales with the size of the result
[info] set. You can keep index definitions in your project directory
[info] and publish them with firebase deploy.
[info] 
[debug] [2025-06-15T19:18:37.348Z] Checked if tokens are valid: true, expires at: 1750017657556
[debug] [2025-06-15T19:18:37.349Z] Checked if tokens are valid: true, expires at: 1750017657556
[debug] [2025-06-15T19:18:37.349Z] Checked if tokens are valid: true, expires at: 1750017657556
[debug] [2025-06-15T19:18:37.349Z] Checked if tokens are valid: true, expires at: 1750017657556
[debug] [2025-06-15T19:18:37.349Z] >>> [apiv2][query] GET https://firestore.googleapis.com/v1/projects/devnotes-b2b9a/databases/(default)/collectionGroups/-/indexes [none]
[debug] [2025-06-15T19:18:37.351Z] >>> [apiv2][query] GET https://firestore.googleapis.com/v1/projects/devnotes-b2b9a/databases/(default)/collectionGroups/-/fields?filter=indexConfig.usesAncestorConfig=false OR ttlConfig:* [none]
[debug] [2025-06-15T19:18:38.218Z] <<< [apiv2][status] GET https://firestore.googleapis.com/v1/projects/devnotes-b2b9a/databases/(default)/collectionGroups/-/fields?filter=indexConfig.usesAncestorConfig=false OR ttlConfig:* 200
[debug] [2025-06-15T19:18:38.218Z] <<< [apiv2][body] GET https://firestore.googleapis.com/v1/projects/devnotes-b2b9a/databases/(default)/collectionGroups/-/fields?filter=indexConfig.usesAncestorConfig=false OR ttlConfig:* {"fields":[{"name":"projects/devnotes-b2b9a/databases/(default)/collectionGroups/__default__/fields/*","indexConfig":{"indexes":[{"queryScope":"COLLECTION","fields":[{"fieldPath":"*","order":"ASCENDING"}],"state":"READY"},{"queryScope":"COLLECTION","fields":[{"fieldPath":"*","order":"DESCENDING"}],"state":"READY"},{"queryScope":"COLLECTION","fields":[{"fieldPath":"*","arrayConfig":"CONTAINS"}],"state":"READY"}]}}]}
[debug] [2025-06-15T19:18:38.218Z] <<< [apiv2][status] GET https://firestore.googleapis.com/v1/projects/devnotes-b2b9a/databases/(default)/collectionGroups/-/indexes 200
[debug] [2025-06-15T19:18:38.218Z] <<< [apiv2][body] GET https://firestore.googleapis.com/v1/projects/devnotes-b2b9a/databases/(default)/collectionGroups/-/indexes {}
[info] i  Downloaded the existing Firestore indexes from the Firebase console 
[info] ✔  Wrote yes 
[info] ✔  Wrote firebase deploy 
[info] 
=== Genkit Setup
[debug] [2025-06-15T19:19:57.521Z] > command requires scopes: ["email","openid","https://www.googleapis.com/auth/cloudplatformprojects.readonly","https://www.googleapis.com/auth/firebase","https://www.googleapis.com/auth/cloud-platform"]
[debug] [2025-06-15T19:19:57.521Z] > authorizing via signed-in user (cassiano.becker@institutoivoti.com.br)
[debug] [2025-06-15T19:19:57.521Z] [iam] checking project devnotes-b2b9a for permissions ["firebase.projects.get"]
[debug] [2025-06-15T19:19:57.522Z] Checked if tokens are valid: true, expires at: 1750017657556
[debug] [2025-06-15T19:19:57.522Z] Checked if tokens are valid: true, expires at: 1750017657556
[debug] [2025-06-15T19:19:57.522Z] >>> [apiv2][query] POST https://cloudresourcemanager.googleapis.com/v1/projects/devnotes-b2b9a:testIamPermissions [none]
[debug] [2025-06-15T19:19:57.522Z] >>> [apiv2][(partial)header] POST https://cloudresourcemanager.googleapis.com/v1/projects/devnotes-b2b9a:testIamPermissions x-goog-quota-user=projects/devnotes-b2b9a
[debug] [2025-06-15T19:19:57.522Z] >>> [apiv2][body] POST https://cloudresourcemanager.googleapis.com/v1/projects/devnotes-b2b9a:testIamPermissions {"permissions":["firebase.projects.get"]}
[debug] [2025-06-15T19:19:57.618Z] <<< [apiv2][status] POST https://cloudresourcemanager.googleapis.com/v1/projects/devnotes-b2b9a:testIamPermissions 200
[debug] [2025-06-15T19:19:57.618Z] <<< [apiv2][body] POST https://cloudresourcemanager.googleapis.com/v1/projects/devnotes-b2b9a:testIamPermissions {"permissions":["firebase.projects.get"]}
[debug] [2025-06-15T19:19:57.618Z] Checked if tokens are valid: true, expires at: 1750017657556
[debug] [2025-06-15T19:19:57.618Z] Checked if tokens are valid: true, expires at: 1750017657556
[debug] [2025-06-15T19:19:57.619Z] Checked if tokens are valid: true, expires at: 1750017657556
[debug] [2025-06-15T19:19:57.619Z] Checked if tokens are valid: true, expires at: 1750017657556
[debug] [2025-06-15T19:19:57.619Z] >>> [apiv2][query] GET https://serviceusage.googleapis.com/v1/projects/devnotes-b2b9a/services/cloudfunctions.googleapis.com [none]
[debug] [2025-06-15T19:19:57.619Z] >>> [apiv2][(partial)header] GET https://serviceusage.googleapis.com/v1/projects/devnotes-b2b9a/services/cloudfunctions.googleapis.com x-goog-quota-user=projects/devnotes-b2b9a
[debug] [2025-06-15T19:19:57.620Z] >>> [apiv2][query] GET https://serviceusage.googleapis.com/v1/projects/devnotes-b2b9a/services/runtimeconfig.googleapis.com [none]
[debug] [2025-06-15T19:19:57.620Z] >>> [apiv2][(partial)header] GET https://serviceusage.googleapis.com/v1/projects/devnotes-b2b9a/services/runtimeconfig.googleapis.com x-goog-quota-user=projects/devnotes-b2b9a
[debug] [2025-06-15T19:19:57.832Z] <<< [apiv2][status] GET https://serviceusage.googleapis.com/v1/projects/devnotes-b2b9a/services/runtimeconfig.googleapis.com 200
[debug] [2025-06-15T19:19:57.833Z] <<< [apiv2][body] GET https://serviceusage.googleapis.com/v1/projects/devnotes-b2b9a/services/runtimeconfig.googleapis.com [omitted]
[debug] [2025-06-15T19:19:57.940Z] <<< [apiv2][status] GET https://serviceusage.googleapis.com/v1/projects/devnotes-b2b9a/services/cloudfunctions.googleapis.com 200
[debug] [2025-06-15T19:19:57.940Z] <<< [apiv2][body] GET https://serviceusage.googleapis.com/v1/projects/devnotes-b2b9a/services/cloudfunctions.googleapis.com [omitted]
[debug] [2025-06-15T19:19:57.941Z] Checked if tokens are valid: true, expires at: 1750017657556
[debug] [2025-06-15T19:19:57.941Z] Checked if tokens are valid: true, expires at: 1750017657556
[debug] [2025-06-15T19:19:57.941Z] >>> [apiv2][query] POST https://serviceusage.googleapis.com/v1/projects/devnotes-b2b9a/services/cloudfunctions.googleapis.com:enable [none]
[debug] [2025-06-15T19:19:57.941Z] >>> [apiv2][(partial)header] POST https://serviceusage.googleapis.com/v1/projects/devnotes-b2b9a/services/cloudfunctions.googleapis.com:enable x-goog-quota-user=projects/devnotes-b2b9a
[debug] [2025-06-15T19:19:58.466Z] <<< [apiv2][status] POST https://serviceusage.googleapis.com/v1/projects/devnotes-b2b9a/services/cloudfunctions.googleapis.com:enable 200
[debug] [2025-06-15T19:19:58.466Z] <<< [apiv2][body] POST https://serviceusage.googleapis.com/v1/projects/devnotes-b2b9a/services/cloudfunctions.googleapis.com:enable [omitted]
[debug] [2025-06-15T19:20:08.468Z] Checked if tokens are valid: true, expires at: 1750017657556
[debug] [2025-06-15T19:20:08.468Z] Checked if tokens are valid: true, expires at: 1750017657556
[debug] [2025-06-15T19:20:08.469Z] >>> [apiv2][query] GET https://serviceusage.googleapis.com/v1/projects/devnotes-b2b9a/services/cloudfunctions.googleapis.com [none]
[debug] [2025-06-15T19:20:08.469Z] >>> [apiv2][(partial)header] GET https://serviceusage.googleapis.com/v1/projects/devnotes-b2b9a/services/cloudfunctions.googleapis.com x-goog-quota-user=projects/devnotes-b2b9a
[debug] [2025-06-15T19:20:08.781Z] <<< [apiv2][status] GET https://serviceusage.googleapis.com/v1/projects/devnotes-b2b9a/services/cloudfunctions.googleapis.com 200
[debug] [2025-06-15T19:20:08.781Z] <<< [apiv2][body] GET https://serviceusage.googleapis.com/v1/projects/devnotes-b2b9a/services/cloudfunctions.googleapis.com [omitted]
[info] Let's create a new codebase for your functions.
[info] A directory corresponding to the codebase will be created in your project
[info] with sample code pre-configured.

[info] See https://firebase.google.com/docs/functions/organize-functions for
[info] more information on organizing your functions using codebases.

[info] Functions can be deployed with firebase deploy.

[info] ✔  Wrote functions/package.json 
[info] ✔  Wrote functions/.eslintrc.js 
[info] ✔  Wrote functions/tsconfig.dev.json 
[info] ✔  Wrote functions/tsconfig.json 
[info] ✔  Wrote functions/src/index.ts 
[info] ✔  Wrote functions/.gitignore 
[info] [info] i  genkit: Installing Genkit CLI version 1.12.0
 
[info] i  genkit: Installing NPM packages for genkit 
[info] ✔  genkit: Successfully installed NPM packages 
[info] i  genkit: Updating tsconfig.json 
[info] ✔  genkit: Successfully updated tsconfig.json 
[info] i  genkit: Updating package.json 
[info] ✔  genkit: Successfully updated package.json 
[info] Telemetry data can be used to monitor and gain insights into your AI features. There may be a cost associated with using this feature. See https://firebase.google.com/docs/genkit/observability/telemetry-collection.
[info] i  genkit: Generating sample file 
[info] ✔  genkit: Successfully generated sample file (src/genkit-sample.ts) 
[info] 
[info] 
Login to Google Cloud using:
[info]     gcloud auth application-default login --project devnotes-b2b9a

[info] Then start the Genkit developer experience by running:
[info]     cd functions && npm run genkit:start
[info] 
=== Functions Setup
[debug] [2025-06-15T19:25:55.518Z] > command requires scopes: ["email","openid","https://www.googleapis.com/auth/cloudplatformprojects.readonly","https://www.googleapis.com/auth/firebase","https://www.googleapis.com/auth/cloud-platform"]
[debug] [2025-06-15T19:25:55.518Z] > authorizing via signed-in user (cassiano.becker@institutoivoti.com.br)
[debug] [2025-06-15T19:25:55.518Z] [iam] checking project devnotes-b2b9a for permissions ["firebase.projects.get"]
[debug] [2025-06-15T19:25:55.519Z] Checked if tokens are valid: true, expires at: 1750017657556
[debug] [2025-06-15T19:25:55.519Z] Checked if tokens are valid: true, expires at: 1750017657556
[debug] [2025-06-15T19:25:55.519Z] >>> [apiv2][query] POST https://cloudresourcemanager.googleapis.com/v1/projects/devnotes-b2b9a:testIamPermissions [none]
[debug] [2025-06-15T19:25:55.519Z] >>> [apiv2][(partial)header] POST https://cloudresourcemanager.googleapis.com/v1/projects/devnotes-b2b9a:testIamPermissions x-goog-quota-user=projects/devnotes-b2b9a
[debug] [2025-06-15T19:25:55.519Z] >>> [apiv2][body] POST https://cloudresourcemanager.googleapis.com/v1/projects/devnotes-b2b9a:testIamPermissions {"permissions":["firebase.projects.get"]}
[debug] [2025-06-15T19:25:55.680Z] <<< [apiv2][status] POST https://cloudresourcemanager.googleapis.com/v1/projects/devnotes-b2b9a:testIamPermissions 200
[debug] [2025-06-15T19:25:55.680Z] <<< [apiv2][body] POST https://cloudresourcemanager.googleapis.com/v1/projects/devnotes-b2b9a:testIamPermissions {"permissions":["firebase.projects.get"]}
[debug] [2025-06-15T19:25:55.681Z] Checked if tokens are valid: true, expires at: 1750017657556
[debug] [2025-06-15T19:25:55.681Z] Checked if tokens are valid: true, expires at: 1750017657556
[debug] [2025-06-15T19:25:55.681Z] Checked if tokens are valid: true, expires at: 1750017657556
[debug] [2025-06-15T19:25:55.681Z] Checked if tokens are valid: true, expires at: 1750017657556
[debug] [2025-06-15T19:25:55.681Z] >>> [apiv2][query] GET https://serviceusage.googleapis.com/v1/projects/devnotes-b2b9a/services/cloudfunctions.googleapis.com [none]
[debug] [2025-06-15T19:25:55.681Z] >>> [apiv2][(partial)header] GET https://serviceusage.googleapis.com/v1/projects/devnotes-b2b9a/services/cloudfunctions.googleapis.com x-goog-quota-user=projects/devnotes-b2b9a
[debug] [2025-06-15T19:25:55.682Z] >>> [apiv2][query] GET https://serviceusage.googleapis.com/v1/projects/devnotes-b2b9a/services/runtimeconfig.googleapis.com [none]
[debug] [2025-06-15T19:25:55.682Z] >>> [apiv2][(partial)header] GET https://serviceusage.googleapis.com/v1/projects/devnotes-b2b9a/services/runtimeconfig.googleapis.com x-goog-quota-user=projects/devnotes-b2b9a
[debug] [2025-06-15T19:25:55.999Z] <<< [apiv2][status] GET https://serviceusage.googleapis.com/v1/projects/devnotes-b2b9a/services/cloudfunctions.googleapis.com 200
[debug] [2025-06-15T19:25:55.999Z] <<< [apiv2][body] GET https://serviceusage.googleapis.com/v1/projects/devnotes-b2b9a/services/cloudfunctions.googleapis.com [omitted]
[debug] [2025-06-15T19:25:56.153Z] <<< [apiv2][status] GET https://serviceusage.googleapis.com/v1/projects/devnotes-b2b9a/services/runtimeconfig.googleapis.com 200
[debug] [2025-06-15T19:25:56.153Z] <<< [apiv2][body] GET https://serviceusage.googleapis.com/v1/projects/devnotes-b2b9a/services/runtimeconfig.googleapis.com [omitted]
[info] 
Detected existing codebase(s): default

[info] Let's create a new codebase for your functions.
[info] A directory corresponding to the codebase will be created in your project
[info] with sample code pre-configured.

[info] See https://firebase.google.com/docs/functions/organize-functions for
[info] more information on organizing your functions using codebases.

[info] Functions can be deployed with firebase deploy.

[error] Invalid codebase name. Codebase must be less than 64 characters and can contain only lowercase letters, numeric characters, underscores, and dashes.
[error] functions.codebase must be unique but 'default' was used more than once.
[error] Invalid codebase name. Codebase must be less than 64 characters and can contain only lowercase letters, numeric characters, underscores, and dashes.
[debug] [2025-06-15T19:47:27.369Z] ExitPromptError: User force closed the prompt with SIGINT
    at Interface.sigint (/usr/local/share/nvm/versions/node/v20.19.0/lib/node_modules/firebase-tools/node_modules/@inquirer/core/dist/commonjs/lib/create-prompt.js:101:37)
    at Interface.emit (node:events:524:28)
    at Interface.emit (node:domain:489:12)
    at [_ttyWrite] [as _ttyWrite] (node:internal/readline/interface:1125:18)
    at ReadStream.onkeypress (node:internal/readline/interface:264:20)
    at ReadStream.emit (node:events:536:35)
    at ReadStream.emit (node:domain:489:12)
    at emitKeys (node:internal/readline/utils:371:14)
    at emitKeys.next (<anonymous>)
    at ReadStream.onData (node:internal/readline/emitKeypressEvents:64:36)
[error] 
[error] Error: An unexpected error has occurred.
